2022-04-22 16:38:20.537  INFO 9368 --- [main] com.hincky.routesys.RoutesysApplication  : Starting RoutesysApplication on Eric-win with PID 9368 (D:\work\project\routesys\routesys\target\classes started by Eric in D:\work\project\routesys)
2022-04-22 16:38:20.540  INFO 9368 --- [main] com.hincky.routesys.RoutesysApplication  : No active profile set, falling back to default profiles: default
2022-04-22 16:38:21.338  INFO 9368 --- [main] o.s.b.w.embedded.tomcat.TomcatWebServer  : Tomcat initialized with port(s): 8080 (http)
2022-04-22 16:38:21.354  INFO 9368 --- [main] o.apache.catalina.core.StandardService   : Starting service [Tomcat]
2022-04-22 16:38:21.355  INFO 9368 --- [main] org.apache.catalina.core.StandardEngine  : Starting Servlet engine: [Apache Tomcat/9.0.19]
2022-04-22 16:38:21.423  INFO 9368 --- [main] o.a.c.c.C.[Tomcat].[localhost].[/]       : Initializing Spring embedded WebApplicationContext
2022-04-22 16:38:21.423  INFO 9368 --- [main] o.s.web.context.ContextLoader            : Root WebApplicationContext: initialization completed in 847 ms
2022-04-22 16:38:21.790  INFO 9368 --- [main] o.s.s.concurrent.ThreadPoolTaskExecutor  : Initializing ExecutorService 'applicationTaskExecutor'
2022-04-22 16:38:21.878  INFO 9368 --- [main] o.s.b.a.w.s.WelcomePageHandlerMapping    : Adding welcome page template: index
2022-04-22 16:38:21.991  INFO 9368 --- [main] o.s.b.w.embedded.tomcat.TomcatWebServer  : Tomcat started on port(s): 8080 (http) with context path ''
2022-04-22 16:38:21.994  INFO 9368 --- [main] com.hincky.routesys.RoutesysApplication  : Started RoutesysApplication in 1.75 seconds (JVM running for 2.633)
2022-04-22 16:38:36.685  INFO 9368 --- [http-nio-8080-exec-1] o.a.c.c.C.[Tomcat].[localhost].[/]       : Initializing Spring DispatcherServlet 'dispatcherServlet'
2022-04-22 16:38:36.687  INFO 9368 --- [http-nio-8080-exec-1] o.s.web.servlet.DispatcherServlet        : Initializing Servlet 'dispatcherServlet'
2022-04-22 16:38:36.693  INFO 9368 --- [http-nio-8080-exec-1] o.s.web.servlet.DispatcherServlet        : Completed initialization in 6 ms
2022-04-22 16:40:21.308  INFO 9368 --- [Thread-2] o.s.s.concurrent.ThreadPoolTaskExecutor  : Shutting down ExecutorService 'applicationTaskExecutor'
2022-04-22 16:40:21.310  INFO 9368 --- [Thread-2] com.alibaba.druid.pool.DruidDataSource   : {dataSource-0} closing ...
2022-04-22 16:40:25.046  INFO 1064 --- [main] com.hincky.routesys.RoutesysApplication  : Starting RoutesysApplication on Eric-win with PID 1064 (D:\work\project\routesys\routesys\target\classes started by Eric in D:\work\project\routesys)
2022-04-22 16:40:25.049  INFO 1064 --- [main] com.hincky.routesys.RoutesysApplication  : No active profile set, falling back to default profiles: default
2022-04-22 16:40:25.848  INFO 1064 --- [main] o.s.b.w.embedded.tomcat.TomcatWebServer  : Tomcat initialized with port(s): 8080 (http)
2022-04-22 16:40:25.867  INFO 1064 --- [main] o.apache.catalina.core.StandardService   : Starting service [Tomcat]
2022-04-22 16:40:25.868  INFO 1064 --- [main] org.apache.catalina.core.StandardEngine  : Starting Servlet engine: [Apache Tomcat/9.0.19]
2022-04-22 16:40:25.945  INFO 1064 --- [main] o.a.c.c.C.[Tomcat].[localhost].[/]       : Initializing Spring embedded WebApplicationContext
2022-04-22 16:40:25.945  INFO 1064 --- [main] o.s.web.context.ContextLoader            : Root WebApplicationContext: initialization completed in 858 ms
2022-04-22 16:40:26.349  INFO 1064 --- [main] o.s.s.concurrent.ThreadPoolTaskExecutor  : Initializing ExecutorService 'applicationTaskExecutor'
2022-04-22 16:40:26.433  INFO 1064 --- [main] o.s.b.a.w.s.WelcomePageHandlerMapping    : Adding welcome page template: index
2022-04-22 16:40:26.547  INFO 1064 --- [main] o.s.b.w.embedded.tomcat.TomcatWebServer  : Tomcat started on port(s): 8080 (http) with context path ''
2022-04-22 16:40:26.550  INFO 1064 --- [main] com.hincky.routesys.RoutesysApplication  : Started RoutesysApplication in 1.804 seconds (JVM running for 2.699)
2022-04-22 16:40:40.545  INFO 1064 --- [http-nio-8080-exec-1] o.a.c.c.C.[Tomcat].[localhost].[/]       : Initializing Spring DispatcherServlet 'dispatcherServlet'
2022-04-22 16:40:40.547  INFO 1064 --- [http-nio-8080-exec-1] o.s.web.servlet.DispatcherServlet        : Initializing Servlet 'dispatcherServlet'
2022-04-22 16:40:40.554  INFO 1064 --- [http-nio-8080-exec-1] o.s.web.servlet.DispatcherServlet        : Completed initialization in 7 ms
2022-04-22 16:40:47.744  WARN 1064 --- [http-nio-8080-exec-5] .w.s.m.s.DefaultHandlerExceptionResolver : Resolved [org.springframework.web.method.annotation.MethodArgumentTypeMismatchException: Failed to convert value of type 'java.lang.String' to required type 'java.lang.Integer'; nested exception is java.lang.NumberFormatException: For input string: "admin"]
2022-04-22 16:43:22.611  INFO 1064 --- [Thread-2] o.s.s.concurrent.ThreadPoolTaskExecutor  : Shutting down ExecutorService 'applicationTaskExecutor'
2022-04-22 16:43:22.612  INFO 1064 --- [Thread-2] com.alibaba.druid.pool.DruidDataSource   : {dataSource-0} closing ...
